Сборка начата 28.09.2019 21:27:27.
     1>Проект "d:\C++projects\oop2-experiment\oop2-experiment\oop2-experiment.vcxproj" в узле 2 (целевые объекты Build).
     1>InitializeBuildStatus:
         Создание "Debug\oop2-experiment.tlog\unsuccessfulbuild", так как было задано "AlwaysCreate".
       ClCompile:
         D:\VisualStudio\Professional\VC\Tools\MSVC\14.22.27905\bin\HostX86\x86\CL.exe /c /ZI /JMC /nologo /W3 /WX- /diagnostics:column /sdl /Od /Oy- /D _MBCS /Gm- /EHsc /RTC1 /MDd /GS /fp:precise /permissive- /Zc:wchar_t /Zc:forScope /Zc:inline /Fo"Debug\\" /Fd"Debug\vc142.pdb" /Gd /TP /analyze- /FC /errorReport:prompt "oop2-experiment.cpp"
         oop2-experiment.cpp
     1>d:\C++projects\oop2-experiment\oop2-experiment\oop2-experiment.cpp(7,43): warning C4305:  инициализация: усечение из "double" в "float"
       Link:
         D:\VisualStudio\Professional\VC\Tools\MSVC\14.22.27905\bin\HostX86\x86\link.exe /ERRORREPORT:PROMPT /OUT:"D:\C++projects\oop2-experiment\Debug\oop2-experiment.exe" /INCREMENTAL /NOLOGO kernel32.lib user32.lib gdi32.lib winspool.lib comdlg32.lib advapi32.lib shell32.lib ole32.lib oleaut32.lib uuid.lib odbc32.lib odbccp32.lib /MANIFEST /MANIFESTUAC:"level='asInvoker' uiAccess='false'" /manifest:embed /DEBUG:FASTLINK /PDB:"D:\C++projects\oop2-experiment\Debug\oop2-experiment.pdb" /SUBSYSTEM:CONSOLE /TLBID:1 /DYNAMICBASE /NXCOMPAT /IMPLIB:"D:\C++projects\oop2-experiment\Debug\oop2-experiment.lib" /MACHINE:X86 "Debug\oop2-experiment.obj"
         oop2-experiment.vcxproj -> D:\C++projects\oop2-experiment\Debug\oop2-experiment.exe
       FinalizeBuildStatus:
         Файл "Debug\oop2-experiment.tlog\unsuccessfulbuild" удаляется.
         Обращение к "Debug\oop2-experiment.tlog\oop2-experiment.lastbuildstate".
     1>Сборка проекта "d:\C++projects\oop2-experiment\oop2-experiment\oop2-experiment.vcxproj" завершена (целевые объекты Build).

Сборка успешно завершена.

       "d:\C++projects\oop2-experiment\oop2-experiment\oop2-experiment.vcxproj" (целевой объект Build ) (1) ->
       (Целевой объект ClCompile) -> 
         d:\C++projects\oop2-experiment\oop2-experiment\oop2-experiment.cpp(7,43): warning C4305:  инициализация: усечение из "double" в "float"

    Предупреждений: 1
    Ошибок: 0

Прошло времени 00:00:01.66
